#
# There is insufficient memory for the Java Runtime Environment to continue.
# Native memory allocation (mmap) failed to map 268435456 bytes for G1 virtual space
# Possible reasons:
#   The system is out of physical RAM or swap space
#   The process is running with CompressedOops enabled, and the Java Heap may be blocking the growth of the native heap
# Possible solutions:
#   Reduce memory load on the system
#   Increase physical memory or swap space
#   Check if swap backing store is full
#   Decrease Java heap size (-Xmx/-Xms)
#   Decrease number of Java threads
#   Decrease Java thread stack sizes (-Xss)
#   Set larger code cache with -XX:ReservedCodeCacheSize=
#   JVM is running with Zero Based Compressed Oops mode in which the Java heap is
#     placed in the first 32GB address space. The Java Heap base address is the
#     maximum limit for the native heap growth. Please use -XX:HeapBaseMinAddress
#     to set the Java Heap base and to place the Java Heap above 32GB virtual address.
# This output file may be truncated or incomplete.
#
#  Out of Memory Error (os_windows.cpp:3769), pid=17648, tid=13372
#
# JRE version:  (17.0.6+10) (build )
# Java VM: OpenJDK 64-Bit Server VM (17.0.6+10-b829.9, mixed mode, sharing, tiered, compressed oops, compressed class ptrs, g1 gc, windows-amd64)
# No core dump will be written. Minidumps are not enabled by default on client versions of Windows
#

---------------  S U M M A R Y ------------

Command Line: git4idea.http.GitAskPassApp Username for 'https://github.com': 

Host: AMD Ryzen 5 2600 Six-Core Processor            , 12 cores, 15G,  Windows 10 , 64 bit Build 19041 (10.0.19041.3031)
Time: Sun Jun 18 17:07:13 2023 RTZ 2 (s 10 , 64 bit Build 19041 (10.0.19041.3031) elapsed time: 0.012917 seconds (0d 0h 0m 0s)

---------------  T H R E A D  ---------------

Current thread (0x00000210ff44d7b0):  JavaThread "Unknown thread" [_thread_in_vm, id=13372, stack(0x0000002adf700000,0x0000002adf800000)]

Stack: [0x0000002adf700000,0x0000002adf800000]
Native frames: (J=compiled Java code, j=interpreted, Vv=VM code, C=native code)
V  [jvm.dll+0x683c5a]
V  [jvm.dll+0x842764]
V  [jvm.dll+0x843f5e]
V  [jvm.dll+0x8445c3]
V  [jvm.dll+0x249b75]
V  [jvm.dll+0x680b29]
V  [jvm.dll+0x67501a]
V  [jvm.dll+0x309acb]
V  [jvm.dll+0x310f86]
V  [jvm.dll+0x3608ee]
V  [jvm.dll+0x360b1f]
V  [jvm.dll+0x2dfbf8]
V  [jvm.dll+0x2e0b64]
V  [jvm.dll+0x814051]
V  [jvm.dll+0x36e6a1]
V  [jvm.dll+0x7f358c]
V  [jvm.dll+0x3f0e8f]
V  [jvm.dll+0x3f29d1]
C  [jli.dll+0x526b]
C  [ucrtbase.dll+0x21bb2]
C  [KERNEL32.DLL+0x17614]
C  [ntdll.dll+0x526f1]


---------------  P R O C E S S  ---------------

Threads class SMR info:
_java_thread_list=0x00007ffc92d4c058, length=0, elements={
}

Java Threads: ( => current thread )

Other Threads:
  0x00000210ff6a2500 GCTaskThread "GC Thread#0" [stack: 0x0000002adf800000,0x0000002adf900000] [id=8524]
  0x00000210ff6b4160 ConcurrentGCThread "G1 Main Marker" [stack: 0x0000002adf900000,0x0000002adfa00000] [id=6664]
  0x00000210ff6b5120 ConcurrentGCThread "G1 Conc#0" [stack: 0x0000002adfa00000,0x0000002adfb00000] [id=5996]

[error occurred during error reporting (printing all threads), id 0xc0000005, EXCEPTION_ACCESS_VIOLATION (0xc0000005) at pc=0x00007ffc92500797]

VM state: not at safepoint (not fully initialized)

VM Mutex/Monitor currently owned by a thread:  ([mutex/lock_event])
[0x00000210ff635d60] Heap_lock - owner thread: 0x00000210ff44d7b0

Heap address: 0x0000000701000000, size: 4080 MB, Compressed Oops mode: Zero based, Oop shift amount: 3

CDS archive(s) mapped at: [0x0000000000000000-0x0000000000000000-0x0000000000000000), size 0, SharedBaseAddress: 0x0000000800000000, ArchiveRelocationMode: 0.
Narrow klass base: 0x0000000000000000, Narrow klass shift: 0, Narrow klass range: 0x0

GC Precious Log:
<Empty>

Heap:
 garbage-first heap   total 0K, used 0K [0x0000000701000000, 0x0000000800000000)
  region size 2048K, 0 young (0K), 0 survivors (0K)

[error occurred during error reporting (printing heap information), id 0xc0000005, EXCEPTION_ACCESS_VIOLATION (0xc0000005) at pc=0x00007ffc928eda49]

GC Heap History (0 events):
No events

Dll operation events (1 events):
Event: 0.008 Loaded shared library D:\Programming\IDE\JetBrains Rider 2023.1.1\jbr\bin\java.dll

Deoptimization events (0 events):
No events

Classes unloaded (0 events):
No events

Classes redefined (0 events):
No events

Internal exceptions (0 events):
No events

VM Operations (0 events):
No events

Events (0 events):
No events


Dynamic libraries:
0x00007ff7f5ee0000 - 0x00007ff7f5eea000 	D:\Programming\IDE\JetBrains Rider 2023.1.1\jbr\bin\java.exe
0x00007ffcdeb90000 - 0x00007ffcded88000 	C:\Windows\SYSTEM32\ntdll.dll
0x00007ffcddb10000 - 0x00007ffcddbcf000 	C:\Windows\System32\KERNEL32.DLL
0x00007ffcdc7d0000 - 0x00007ffcdcac6000 	C:\Windows\System32\KERNELBASE.dll
0x00007ffcdc360000 - 0x00007ffcdc460000 	C:\Windows\System32\ucrtbase.dll
0x00007ffcd7e10000 - 0x00007ffcd7e27000 	D:\Programming\IDE\JetBrains Rider 2023.1.1\jbr\bin\jli.dll
0x00007ffcd7690000 - 0x00007ffcd76ab000 	D:\Programming\IDE\JetBrains Rider 2023.1.1\jbr\bin\VCRUNTIME140.dll
0x00007ffcddbd0000 - 0x00007ffcddd6d000 	C:\Windows\System32\USER32.dll
0x00007ffcdc460000 - 0x00007ffcdc482000 	C:\Windows\System32\win32u.dll
0x00007ffcd0590000 - 0x00007ffcd082a000 	C:\Windows\WinSxS\amd64_microsoft.windows.common-controls_6595b64144ccf1df_6.0.19041.1110_none_60b5254171f9507e\COMCTL32.dll
0x00007ffcde910000 - 0x00007ffcde93c000 	C:\Windows\System32\GDI32.dll
0x00007ffcdcad0000 - 0x00007ffcdcbe5000 	C:\Windows\System32\gdi32full.dll
0x00007ffcdc490000 - 0x00007ffcdc52d000 	C:\Windows\System32\msvcp_win.dll
0x00007ffcddeb0000 - 0x00007ffcddf4e000 	C:\Windows\System32\msvcrt.dll
0x00007ffcdd420000 - 0x00007ffcdd450000 	C:\Windows\System32\IMM32.DLL
0x00007ffcd7e00000 - 0x00007ffcd7e0c000 	D:\Programming\IDE\JetBrains Rider 2023.1.1\jbr\bin\vcruntime140_1.dll
0x00007ffcbd930000 - 0x00007ffcbd9bd000 	D:\Programming\IDE\JetBrains Rider 2023.1.1\jbr\bin\msvcp140.dll
0x00007ffc92210000 - 0x00007ffc92e7e000 	D:\Programming\IDE\JetBrains Rider 2023.1.1\jbr\bin\server\jvm.dll
0x00007ffcddfc0000 - 0x00007ffcde06f000 	C:\Windows\System32\ADVAPI32.dll
0x00007ffcde140000 - 0x00007ffcde1dc000 	C:\Windows\System32\sechost.dll
0x00007ffcde250000 - 0x00007ffcde376000 	C:\Windows\System32\RPCRT4.dll
0x00007ffccc5d0000 - 0x00007ffccc5d9000 	C:\Windows\SYSTEM32\WSOCK32.dll
0x00007ffcde1e0000 - 0x00007ffcde24b000 	C:\Windows\System32\WS2_32.dll
0x00007ffccbc70000 - 0x00007ffccbc97000 	C:\Windows\SYSTEM32\WINMM.dll
0x00007ffcd55e0000 - 0x00007ffcd55ea000 	C:\Windows\SYSTEM32\VERSION.dll
0x00007ffcda100000 - 0x00007ffcda112000 	C:\Windows\SYSTEM32\kernel.appcore.dll
0x00007ffcd9a30000 - 0x00007ffcd9a3a000 	D:\Programming\IDE\JetBrains Rider 2023.1.1\jbr\bin\jimage.dll
0x00007ffcc9330000 - 0x00007ffcc9514000 	C:\Windows\SYSTEM32\DBGHELP.DLL
0x00007ffccdea0000 - 0x00007ffccded4000 	C:\Windows\SYSTEM32\dbgcore.DLL
0x00007ffcdc530000 - 0x00007ffcdc5b2000 	C:\Windows\System32\bcryptPrimitives.dll
0x00007ffcd6ac0000 - 0x00007ffcd6ae5000 	D:\Programming\IDE\JetBrains Rider 2023.1.1\jbr\bin\java.dll

dbghelp: loaded successfully - version: 4.0.5 - missing functions: none
symbol engine: initialized successfully - sym options: 0x614 - pdb path: .;D:\Programming\IDE\JetBrains Rider 2023.1.1\jbr\bin;C:\Windows\SYSTEM32;C:\Windows\WinSxS\amd64_microsoft.windows.common-controls_6595b64144ccf1df_6.0.19041.1110_none_60b5254171f9507e;D:\Programming\IDE\JetBrains Rider 2023.1.1\jbr\bin\server

VM Arguments:
java_command: git4idea.http.GitAskPassApp Username for 'https://github.com': 
java_class_path (initial): D:/Programming/IDE/JetBrains Rider 2023.1.1/plugins/vcs-git/lib/git4idea-rt.jar;D:/Programming/IDE/JetBrains Rider 2023.1.1/lib/externalProcess-rt.jar
Launcher Type: SUN_STANDARD

[Global flags]
     intx CICompilerCount                          = 4                                         {product} {ergonomic}
     uint ConcGCThreads                            = 3                                         {product} {ergonomic}
     uint G1ConcRefinementThreads                  = 10                                        {product} {ergonomic}
   size_t G1HeapRegionSize                         = 2097152                                   {product} {ergonomic}
    uintx GCDrainStackTargetSize                   = 64                                        {product} {ergonomic}
   size_t InitialHeapSize                          = 268435456                                 {product} {ergonomic}
   size_t MarkStackSize                            = 4194304                                   {product} {ergonomic}
   size_t MaxHeapSize                              = 4278190080                                {product} {ergonomic}
   size_t MinHeapDeltaBytes                        = 2097152                                   {product} {ergonomic}
   size_t MinHeapSize                              = 8388608                                   {product} {ergonomic}
    uintx NonNMethodCodeHeapSize                   = 5839372                                {pd product} {ergonomic}
    uintx NonProfiledCodeHeapSize                  = 122909434                              {pd product} {ergonomic}
    uintx ProfiledCodeHeapSize                     = 122909434                              {pd product} {ergonomic}
    uintx ReservedCodeCacheSize                    = 251658240                              {pd product} {ergonomic}
     bool SegmentedCodeCache                       = true                                      {product} {ergonomic}
   size_t SoftMaxHeapSize                          = 4278190080                             {manageable} {ergonomic}
     bool UseCompressedClassPointers               = true                           {product lp64_product} {ergonomic}
     bool UseCompressedOops                        = true                           {product lp64_product} {ergonomic}
     bool UseG1GC                                  = true                                      {product} {ergonomic}
     bool UseLargePagesIndividualAllocation        = false                                  {pd product} {ergonomic}

Logging:
Log output configuration:
 #0: stdout all=warning uptime,level,tags
 #1: stderr all=off uptime,level,tags

Environment Variables:
JAVA_HOME=C:\Program Files\Java\jdk-17
PATH=C:\Program Files\Git\mingw64\libexec\git-core;C:\Program Files\Git\mingw64\libexec\git-core;C:\Program Files\Git\mingw64\bin;C:\Program Files\Git\usr\bin;C:\Users\111vv\bin;C:\ProgramData\Oracle\Java\javapath;C:\Program Files\Common Files\Oracle\Java\javapath;C:\Program Files (x86)\Common Files\Oracle\Java\javapath;C:\Windows\system32;C:\Windows;C:\Windows\System32\Wbem;C:\Windows\System32\WindowsPowerShell\v1.0;C:\Windows\System32\OpenSSH;C:\Program Files\dotnet;C:\Program Files\Docker\Docker\resources\bin;C:\Program Files\nodejs;C:\ProgramData\chocolatey\bin;C:\Program Files\NVIDIA Corporation\NVIDIA NvDLISR;C:\Program Files (x86)\NVIDIA Corporation\PhysX\Common;E:\opencv\build\x64\vc16\bin;C:\Program Files\Git\cmd;C:\Program Files\PostgreSQL\15\bin;C:\Program Files (x86)\Microsoft SQL Server\160\Tools\Binn;C:\Program Files\Microsoft SQL Server\160\Tools\Binn;C:\Program Files\Microsoft SQL Server\Client SDK\ODBC\170\Tools\Binn;C:\Program Files\Microsoft SQL Server\160\DTS\Binn;C:\Program Files (x86)\Microsoft SQL Server\160\DTS\Binn;C:\Program Files\Azure Data Studio\bin;C:\Program Files\Microsoft SQL Server\150\Tools\Binn;C:\Program Files\Java\jdk-1.8\bin;C:\gradle\gradle-8.1.1\bin;C:\Users\111vv\.cargo\bin;C:\Users\111vv\AppData\Local\Programs\Python\Python311\Scripts;C:\Users\111vv\AppData\Local\Programs\Python\Python311;C:\Program Files\MySQL\MySQL Shell 8.0\bin;C:\Users\111vv\AppData\Local\Microsoft\WindowsApps;C:\Users\111vv\.dotnet\tools;D:\Programming\IDE\IntelliJ IDEA 2023.1.1\bin;D:\Programming\IDE\PyCharm 2023.1.2\bin;D:\Programming\IDE\CLion 2023.1.2\bin;D:\Programming\IDE\Microsoft VS Code\bin;D:\Programming\IDE\JetBrains Rider 2023.1.1\bin;D:\Programming\IDE\PhpStorm 2023.1.1\bin;D:\Programming\IDE\DataGrip 2023.1.1\bin;C:\php-8.2.6;C:\Users\111vv\AppData\Roaming\npm;D:\Programming\IDE\WebStorm 2023.1.1\bin;C:\Program Files\Azure Data Studio\bin
USERNAME=111vv
DISPLAY=:0.0
LC_ALL=en_US.UTF-8
TERM=xterm-256color
TMPDIR=C:\Users\111vv\AppData\Local\Temp
OS=Windows_NT
PROCESSOR_IDENTIFIER=AMD64 Family 23 Model 8 Stepping 2, AuthenticAMD
TMP=C:\Users\111vv\AppData\Local\Temp
TEMP=C:\Users\111vv\AppData\Local\Temp


JNI global refs:

[error occurred during error reporting (JNI global references), id 0xc0000005, EXCEPTION_ACCESS_VIOLATION (0xc0000005) at pc=0x00007ffc922c7a10]


---------------  S Y S T E M  ---------------

OS:
 Windows 10 , 64 bit Build 19041 (10.0.19041.3031)
OS uptime: 1 days 18:15 hours
Hyper-V role detected

CPU: total 12 (initial active 12) (12 cores per cpu, 2 threads per core) family 23 model 8 stepping 2 microcode 0x0, cx8, cmov, fxsr, ht, mmx, 3dnowpref, sse, sse2, sse3, ssse3, sse4a, sse4.1, sse4.2, popcnt, lzcnt, tsc, tscinvbit, avx, avx2, aes, clmul, bmi1, bmi2, adx, sha, fma, vzeroupper, clflush, clflushopt, hv

Memory: 4k page, system-wide physical 16315M (462M free)
TotalPageFile size 30435M (AvailPageFile size 132M)
current process WorkingSet (physical memory assigned to process): 10M, peak: 10M
current process commit charge ("private bytes"): 64M, peak: 320M

vm_info: OpenJDK 64-Bit Server VM (17.0.6+10-b829.9) for windows-amd64 JRE (17.0.6+10-b829.9), built on 2023-04-09 by "builduser" with MS VC++ 16.10 / 16.11 (VS2019)

END.
